  ▲ Next.js 14.2.28
  - Local:        http://localhost:3000
  - Environments: .env
  - Experiments (use with caution):
    · outputFileTracingRoot

 ✓ Starting...
 ✓ Ready in 1858ms
 ○ Compiling / ...
 ✓ Compiled / in 2.8s (796 modules)
 GET / 307 in 3045ms
 ✓ Compiled in 435ms (282 modules)
 ✓ Compiled /api/auth/[...nextauth] in 200ms (513 modules)
 GET /api/auth/providers 200 in 600ms
 GET / 307 in 75ms
 ○ Compiling /auth/signin ...
 ✓ Compiled /auth/signin in 644ms (888 modules)
 GET /auth/signin 200 in 808ms
 GET /api/auth/session 200 in 48ms
 GET /api/auth/session 200 in 22ms
 ○ Compiling /auth/register ...
 ✓ Compiled /auth/register in 706ms (1047 modules)
 GET /auth/register 200 in 814ms
 GET /api/auth/session 200 in 44ms
 GET /api/auth/session 200 in 22ms
 GET /auth/signin 200 in 40ms
 GET /api/auth/session 200 in 30ms
 GET /api/auth/session 200 in 19ms
 GET /api/auth/csrf 200 in 29ms
 ✓ Compiled /api/signup in 193ms (682 modules)
 POST /api/signup 201 in 645ms
 GET / 307 in 65ms
 GET /auth/signin 200 in 47ms
 GET /api/auth/csrf 200 in 41ms
 POST /api/auth/callback/credentials 302 in 359ms
 ○ Compiling /dashboard ...
 ✓ Compiled /dashboard in 819ms (1211 modules)
 GET /dashboard 200 in 962ms
 GET / 307 in 52ms
 GET /dashboard 200 in 51ms
 GET /dashboard 200 in 37ms
 GET /api/auth/session 200 in 49ms
 GET /api/auth/session 200 in 23ms
 ✓ Compiled /api/finance/receipts in 184ms (757 modules)
 ✓ Compiled (766 modules)
 GET /api/leave-requests 200 in 528ms
 GET /api/employees 200 in 541ms
 GET /api/finance/analytics?period=30 200 in 564ms
 GET /api/auth/session 200 in 534ms
 GET /api/finance/expenses 200 in 546ms
 GET /api/finance/receipts 200 in 547ms
 GET /api/leave-requests 200 in 32ms
 GET /api/employees 200 in 43ms
 GET /api/finance/receipts 200 in 39ms
 GET /api/auth/session 200 in 45ms
 GET /api/finance/expenses 200 in 50ms
 GET /api/finance/analytics?period=30 200 in 60ms
 GET /api/leave-requests 200 in 40ms
 GET /api/employees 200 in 24ms
 GET /api/finance/expenses 200 in 30ms
 GET /api/finance/receipts 200 in 34ms
 GET /api/leave-requests 200 in 46ms
 GET /api/auth/session 200 in 48ms
 GET /api/finance/analytics?period=30 200 in 53ms
 GET /api/employees 200 in 47ms
 GET /api/finance/expenses 200 in 31ms
 GET /api/finance/receipts 200 in 33ms
 GET /api/leave-requests 200 in 37ms
 GET /api/auth/session 200 in 36ms
 GET /api/finance/analytics?period=30 200 in 35ms
 GET /api/leave-requests 200 in 23ms
 GET /api/leave-requests 200 in 23ms
 GET /api/leave-requests 200 in 26ms
 ○ Compiling /finance/reports ...
 ✓ Compiled /finance/reports in 3.1s (2533 modules)
 GET /finance/receipts 200 in 3376ms
 GET /finance 200 in 3381ms
 GET /finance/reports 200 in 3380ms
 GET /leave-requests 200 in 3378ms
 GET /employees 200 in 3384ms
 GET /api/auth/session 200 in 72ms
 GET /api/auth/session 200 in 29ms
 ○ Compiling /api/finance/daily-report ...
 ✓ Compiled /api/finance/daily-report in 2.1s (1431 modules)
 GET /api/auth/session 200 in 2410ms
 GET /api/finance/daily-report 200 in 2447ms
 GET /api/auth/session 200 in 29ms
 GET /api/finance/daily-report 200 in 32ms
 GET /api/auth/session 200 in 21ms
 GET /api/auth/session 200 in 22ms
 GET /api/employees?search=&sortBy=name&sortOrder=asc 200 in 24ms
 GET /api/auth/session 200 in 19ms
 GET /api/employees?search=&sortBy=name&sortOrder=asc 200 in 22ms
 GET /api/auth/session 200 in 43ms
 GET /api/leave-requests?status=all 200 in 44ms
 GET /api/auth/session 200 in 21ms
 GET /api/leave-requests?status=all 200 in 22ms
 GET /api/auth/session 200 in 22ms
 GET /api/finance/analytics?period=30 200 in 34ms
 GET /api/auth/session 200 in 20ms
 GET /api/finance/analytics?period=30 200 in 24ms
 GET /api/auth/session 200 in 20ms
 GET /api/auth/session 200 in 34ms
 GET /api/auth/session 200 in 20ms
 GET /api/auth/session 200 in 21ms
 GET /api/auth/session 200 in 21ms
 GET /api/auth/session 200 in 18ms
 GET /api/auth/session 200 in 34ms
 ✓ Compiled /api/finance/employee-performance in 273ms (1433 modules)
 GET /api/finance/employee-performance?startDate=2025-07-12&endDate=2025-08-11 200 in 597ms
 GET /api/employees 200 in 580ms
 GET /api/finance/employee-performance?startDate=2025-07-12&endDate=2025-08-11 200 in 50ms
 GET /api/employees 200 in 53ms
 ✓ Compiled in 1343ms (2549 modules)
 ✓ Compiled in 761ms (2549 modules)
[?25h
