  ▲ Next.js 14.2.28
  - Local:        http://localhost:3000
  - Environments: .env
  - Experiments (use with caution):
    · outputFileTracingRoot

 ✓ Starting...
 ✓ Ready in 1669ms
 ○ Compiling / ...
 ✓ Compiled / in 2.9s (796 modules)
 GET / 307 in 3141ms
 ✓ Compiled in 472ms (282 modules)
 ✓ Compiled /api/auth/[...nextauth] in 362ms (513 modules)
 GET /api/auth/providers 200 in 859ms
 GET / 307 in 70ms
 ○ Compiling /auth/signin ...
 ✓ Compiled /auth/signin in 557ms (838 modules)
 GET /auth/signin 200 in 688ms
 GET /api/auth/session 200 in 47ms
 GET /api/auth/session 200 in 22ms
 GET /api/auth/csrf 200 in 35ms
 ✓ Compiled /api/signup in 216ms (568 modules)
 POST /api/signup 201 in 668ms
 GET / 307 in 65ms
 GET /auth/signin 200 in 40ms
 GET /api/auth/csrf 200 in 43ms
 POST /api/auth/callback/credentials 302 in 306ms
 ○ Compiling /dashboard ...
 ✓ Compiled /dashboard in 1045ms (1153 modules)
 GET /dashboard 500 in 1234ms
 GET / 307 in 42ms
 GET /dashboard 500 in 40ms
 ✓ Compiled in 414ms (450 modules)
[?25h
