  ▲ Next.js 14.2.28
  - Local:        http://localhost:3000
  - Environments: .env
  - Experiments (use with caution):
    · outputFileTracingRoot

 ✓ Starting...
 ✓ Ready in 2s
 ○ Compiling / ...
 ✓ Compiled / in 3s (796 modules)
 GET / 307 in 3247ms
 ✓ Compiled in 470ms (282 modules)
 ✓ Compiled /api/auth/[...nextauth] in 200ms (513 modules)
 GET /api/auth/providers 200 in 599ms
 GET / 307 in 76ms
 ○ Compiling /auth/signin ...
 ✓ Compiled /auth/signin in 626ms (888 modules)
 GET /auth/signin 200 in 791ms
 GET /api/auth/session 200 in 49ms
 GET /api/auth/session 200 in 24ms
 ○ Compiling /auth/register ...
 ✓ Compiled /auth/register in 702ms (1047 modules)
 GET /auth/register 200 in 820ms
 GET /api/auth/session 200 in 44ms
 GET /api/auth/session 200 in 24ms
 GET /auth/signin 200 in 46ms
 GET /api/auth/session 200 in 36ms
 GET /api/auth/session 200 in 25ms
 GET /api/auth/csrf 200 in 33ms
 ✓ Compiled /api/signup in 205ms (682 modules)
 POST /api/signup 500 in 679ms
 GET /api/auth/csrf 200 in 45ms
 POST /api/auth/callback/credentials 302 in 367ms
 ○ Compiling /dashboard ...
 ✓ Compiled /dashboard in 812ms (1211 modules)
 GET /dashboard 200 in 946ms
 GET / 307 in 62ms
 GET /dashboard 200 in 58ms
 GET /dashboard 200 in 33ms
 GET /api/auth/session 200 in 36ms
 GET /api/auth/session 200 in 28ms
 ✓ Compiled /api/finance/receipts in 207ms (757 modules)
 ✓ Compiled (766 modules)
 GET /api/leave-requests 200 in 578ms
 GET /api/finance/expenses 200 in 570ms
 GET /api/employees 200 in 595ms
 GET /api/auth/session 200 in 553ms
 GET /api/finance/receipts 200 in 584ms
 GET /api/finance/analytics?period=30 200 in 603ms
 GET /api/finance/expenses 200 in 27ms
 GET /api/leave-requests 200 in 37ms
 GET /api/employees 200 in 46ms
 GET /api/finance/receipts 200 in 57ms
 GET /api/finance/analytics?period=30 200 in 54ms
 GET /api/auth/session 200 in 62ms
 GET /api/finance/expenses 200 in 48ms
 GET /api/leave-requests 200 in 56ms
 GET /api/employees 200 in 38ms
 GET /api/auth/session 200 in 42ms
 GET /api/finance/receipts 200 in 49ms
 GET /api/finance/analytics?period=30 200 in 52ms
 GET /api/finance/expenses 200 in 44ms
 GET /api/leave-requests 200 in 38ms
 GET /api/employees 200 in 41ms
 GET /api/auth/session 200 in 35ms
 GET /api/finance/receipts 200 in 38ms
 GET /api/finance/analytics?period=30 200 in 49ms
 GET /api/leave-requests 200 in 33ms
 GET /api/leave-requests 200 in 29ms
 GET /api/leave-requests 200 in 26ms
 GET /api/leave-requests 200 in 25ms
 ○ Compiling /finance/receipts ...
 ✓ Compiled /finance/receipts in 2.6s (2533 modules)
 GET /finance 200 in 2908ms
 GET /employees 200 in 2912ms
 GET /finance/receipts 200 in 2909ms
 GET /finance/reports 200 in 2914ms
 GET /leave-requests 200 in 2920ms
 GET /api/auth/session 200 in 58ms
 GET /api/auth/session 200 in 23ms
 GET /api/employees?search=&sortBy=name&sortOrder=asc 200 in 34ms
 GET /api/auth/session 200 in 22ms
 GET /api/employees?search=&sortBy=name&sortOrder=asc 200 in 32ms
 GET /api/auth/session 200 in 27ms
 GET /api/leave-requests?status=all 200 in 34ms
 GET /api/auth/session 200 in 22ms
 GET /api/leave-requests?status=all 200 in 24ms
 GET /api/auth/session 200 in 23ms
 GET /api/finance/analytics?period=30 200 in 31ms
 GET /api/auth/session 200 in 35ms
 GET /api/finance/analytics?period=30 200 in 29ms
 GET /api/auth/session 200 in 22ms
 ✓ Compiled /api/finance/daily-report in 327ms (1431 modules)
 GET /api/finance/daily-report 200 in 701ms
 GET /api/auth/session 200 in 681ms
 GET /api/finance/daily-report 200 in 34ms
 GET /api/auth/session 200 in 34ms
 GET /api/auth/session 200 in 24ms
 GET /api/auth/session 200 in 23ms
 GET /api/auth/session 200 in 26ms
 GET /api/auth/session 200 in 23ms
 GET /api/auth/session 200 in 33ms
 GET /api/auth/session 200 in 29ms
 GET /api/auth/session 200 in 25ms
 GET /api/auth/session 200 in 25ms
 GET /api/auth/session 200 in 23ms
 GET /api/auth/session 200 in 34ms
 GET /api/auth/session 200 in 24ms
 GET /api/auth/session 200 in 24ms
 GET /api/employees 200 in 48ms
 ✓ Compiled /api/finance/employee-performance in 472ms (1433 modules)
 GET /api/employees 200 in 817ms
 GET /api/finance/employee-performance?startDate=2025-07-12&endDate=2025-08-11 200 in 914ms
 GET /api/finance/employee-performance?startDate=2025-07-12&endDate=2025-08-11 200 in 25ms
 ✓ Compiled in 1244ms (2549 modules)
[?25h
