Attention: Next.js now collects completely anonymous telemetry regarding usage.
This information is used to shape Next.js' roadmap and prioritize features.
You can learn more, including how to opt-out if you'd not like to participate in this anonymous program, by visiting the following URL:
https://nextjs.org/telemetry

  ▲ Next.js 14.2.28
  - Experiments (use with caution):
    · outputFileTracingRoot

   Creating an optimized production build ...
 ✓ Compiled successfully
   Skipping linting
   Checking validity of types ...
   Collecting page data ...
   Generating static pages (0/13) ...
   Generating static pages (3/13) 
   Generating static pages (6/13) 
   Generating static pages (9/13) 
 ✓ Generating static pages (13/13)
   Finalizing page optimization ...
   Collecting build traces ...

Route (app)                              Size     First Load JS
┌ ƒ /                                    139 B          87.5 kB
├ ○ /_not-found                          876 B          88.3 kB
├ ƒ /api/auth/[...nextauth]              0 B                0 B
├ ƒ /api/employees                       0 B                0 B
├ ƒ /api/employees/[id]                  0 B                0 B
├ ƒ /api/finance/analytics               0 B                0 B
├ ƒ /api/finance/daily-report            0 B                0 B
├ ƒ /api/finance/employee-performance    0 B                0 B
├ ƒ /api/finance/expenses                0 B                0 B
├ ƒ /api/finance/expenses/[id]/approve   0 B                0 B
├ ƒ /api/finance/receipts                0 B                0 B
├ ƒ /api/leave-requests                  0 B                0 B
├ ƒ /api/leave-requests/[id]             0 B                0 B
├ ƒ /api/signup                          0 B                0 B
├ ƒ /auth/register                       9.33 kB         138 kB
├ ƒ /auth/signin                         6.98 kB         121 kB
├ ƒ /dashboard                           2.45 kB         150 kB
├ ƒ /employees                           5.6 kB          167 kB
├ ƒ /finance                             18.5 kB         281 kB
├ ƒ /finance/receipts                    6.51 kB         158 kB
├ ƒ /finance/reports                     706 B           260 kB
└ ƒ /leave-requests                      6.2 kB          167 kB
+ First Load JS shared by all            87.4 kB
  ├ chunks/117-1ba652f89b7ff5a2.js       31.8 kB
  ├ chunks/fd9d1056-898dbe322567f69b.js  53.6 kB
  └ other shared chunks (total)          2 kB


○  (Static)   prerendered as static content
ƒ  (Dynamic)  server-rendered on demand

Successfully built app artifact
