  ▲ Next.js 14.2.28
  - Local:        http://localhost:3000
  - Environments: .env
  - Experiments (use with caution):
    · outputFileTracingRoot

 ✓ Starting...
 ✓ Ready in 1320ms
 ○ Compiling / ...
 ✓ Compiled / in 1510ms (789 modules)
 GET / 307 in 2186ms
 ✓ Compiled in 705ms (282 modules)
 ○ Compiling /auth/signin ...
 ✓ Compiled /auth/signin in 563ms (832 modules)
 GET /auth/signin 200 in 695ms
 GET / 307 in 47ms
 ○ Compiling /dashboard ...
 ✓ Compiled /dashboard in 1483ms (1128 modules)
 GET /dashboard 200 in 1670ms
 GET /auth/signin 200 in 1397ms
 GET /auth/signin 200 in 30ms
 ✓ Compiled /api/employees in 300ms (716 modules)
 GET /api/employees 401 in 396ms
 GET / 307 in 63ms
 GET /auth/signin 200 in 44ms
 GET / 307 in 39ms
 GET /auth/signin 200 in 33ms
 ✓ Compiled /api/auth/[...nextauth] in 197ms (720 modules)
 GET /api/auth/session 200 in 583ms
 GET /api/auth/session 200 in 32ms
 GET / 307 in 55ms
 GET /auth/signin 200 in 44ms
 GET / 307 in 36ms
 GET /auth/signin 200 in 32ms
 GET / 307 in 38ms
 GET /auth/signin 200 in 33ms
 GET /api/auth/session 200 in 33ms
 GET /api/auth/session 200 in 29ms
 GET / 307 in 36ms
 GET /auth/signin 200 in 31ms
 GET / 307 in 36ms
 GET /auth/signin 200 in 27ms
 GET / 307 in 38ms
 GET /auth/signin 200 in 31ms
 GET / 307 in 34ms
 GET /auth/signin 200 in 31ms
 GET / 307 in 37ms
 GET /auth/signin 200 in 30ms
 GET / 307 in 38ms
 GET /auth/signin 200 in 34ms
 GET / 307 in 36ms
 GET /auth/signin 200 in 35ms
 GET / 307 in 38ms
 GET /auth/signin 200 in 32ms
 GET / 307 in 32ms
 GET /auth/signin 200 in 35ms
 ✓ Compiled in 780ms (452 modules)
 ✓ Compiled in 282ms (452 modules)
 ✓ Compiled in 310ms (452 modules)
 ✓ Compiled in 398ms (452 modules)
 ✓ Compiled in 334ms (452 modules)
 ✓ Compiled in 363ms (452 modules)
 ✓ Compiled in 258ms (455 modules)
 ✓ Compiled in 308ms (455 modules)
 ✓ Compiled in 462ms (455 modules)
 ✓ Compiled in 319ms (455 modules)
 ✓ Compiled in 278ms (455 modules)
 ✓ Compiled in 279ms (455 modules)
 ✓ Compiled in 254ms (454 modules)
 ✓ Compiled in 229ms (454 modules)
 ✓ Compiled in 277ms (454 modules)
 ✓ Compiled in 218ms (454 modules)
 ✓ Compiled in 255ms (454 modules)
 ✓ Compiled in 352ms (454 modules)
 ✓ Compiled in 410ms (454 modules)
 ✓ Compiled in 221ms (454 modules)
[?25h
