[master (root-commit) 2059861] Complete HR Management System
 97 files changed, 7867 insertions(+)
 create mode 100644 .abacus.donotdelete
 create mode 100644 .gitignore
 create mode 100644 app/.env
 create mode 100644 app/.yarnrc.yml
 create mode 100644 app/app/api/auth/[...nextauth]/route.ts
 create mode 100644 app/app/api/employees/[id]/route.ts
 create mode 100644 app/app/api/employees/route.ts
 create mode 100644 app/app/api/leave-requests/[id]/route.ts
 create mode 100644 app/app/api/leave-requests/route.ts
 create mode 100644 app/app/api/signup/route.ts
 create mode 100644 app/app/auth/signin/page.tsx
 create mode 100644 app/app/dashboard/client-dashboard.tsx
 create mode 100644 app/app/dashboard/page.tsx
 create mode 100644 app/app/employees/client-employees.tsx
 create mode 100644 app/app/employees/page.tsx
 create mode 100644 app/app/globals.css
 create mode 100644 app/app/layout.tsx
 create mode 100644 app/app/leave-requests/client-leave-requests.tsx
 create mode 100644 app/app/leave-requests/page.tsx
 create mode 100644 app/app/page.tsx
 create mode 100644 app/components.json
 create mode 100644 app/components/auth/signin-form.tsx
 create mode 100644 app/components/dashboard/dashboard-stats.tsx
 create mode 100644 app/components/dashboard/recent-activity.tsx
 create mode 100644 app/components/employees/employee-directory.tsx
 create mode 100644 app/components/employees/employee-modal.tsx
 create mode 100644 app/components/employees/employee-table.tsx
 create mode 100644 app/components/layout/navbar.tsx
 create mode 100644 app/components/leave-requests/leave-approval-modal.tsx
 create mode 100644 app/components/leave-requests/leave-request-manager.tsx
 create mode 100644 app/components/leave-requests/leave-request-modal.tsx
 create mode 100644 app/components/leave-requests/leave-request-table.tsx
 create mode 100644 app/components/providers.tsx
 create mode 100644 app/components/theme-provider.tsx
 create mode 100644 app/components/ui/accordion.tsx
 create mode 100644 app/components/ui/alert-dialog.tsx
 create mode 100644 app/components/ui/alert.tsx
 create mode 100644 app/components/ui/aspect-ratio.tsx
 create mode 100644 app/components/ui/avatar.tsx
 create mode 100644 app/components/ui/badge.tsx
 create mode 100644 app/components/ui/breadcrumb.tsx
 create mode 100644 app/components/ui/button.tsx
 create mode 100644 app/components/ui/calendar.tsx
 create mode 100644 app/components/ui/card.tsx
 create mode 100644 app/components/ui/carousel.tsx
 create mode 100644 app/components/ui/checkbox.tsx
 create mode 100644 app/components/ui/collapsible.tsx
 create mode 100644 app/components/ui/command.tsx
 create mode 100644 app/components/ui/context-menu.tsx
 create mode 100644 app/components/ui/date-range-picker.tsx
 create mode 100644 app/components/ui/dialog.tsx
 create mode 100644 app/components/ui/drawer.tsx
 create mode 100644 app/components/ui/dropdown-menu.tsx
 create mode 100644 app/components/ui/form.tsx
 create mode 100644 app/components/ui/hover-card.tsx
 create mode 100644 app/components/ui/input-otp.tsx
 create mode 100644 app/components/ui/input.tsx
 create mode 100644 app/components/ui/label.tsx
 create mode 100644 app/components/ui/menubar.tsx
 create mode 100644 app/components/ui/navigation-menu.tsx
 create mode 100644 app/components/ui/pagination.tsx
 create mode 100644 app/components/ui/popover.tsx
 create mode 100644 app/components/ui/progress.tsx
 create mode 100644 app/components/ui/radio-group.tsx
 create mode 100644 app/components/ui/resizable.tsx
 create mode 100644 app/components/ui/scroll-area.tsx
 create mode 100644 app/components/ui/select.tsx
 create mode 100644 app/components/ui/separator.tsx
 create mode 100644 app/components/ui/sheet.tsx
 create mode 100644 app/components/ui/skeleton.tsx
 create mode 100644 app/components/ui/slider.tsx
 create mode 100644 app/components/ui/sonner.tsx
 create mode 100644 app/components/ui/switch.tsx
 create mode 100644 app/components/ui/table.tsx
 create mode 100644 app/components/ui/tabs.tsx
 create mode 100644 app/components/ui/task-card.tsx
 create mode 100644 app/components/ui/textarea.tsx
 create mode 100644 app/components/ui/toast.tsx
 create mode 100644 app/components/ui/toaster.tsx
 create mode 100644 app/components/ui/toggle-group.tsx
 create mode 100644 app/components/ui/toggle.tsx
 create mode 100644 app/components/ui/tooltip.tsx
 create mode 100644 app/components/ui/use-toast.ts
 create mode 100644 app/hooks/use-toast.ts
 create mode 100644 app/lib/auth.ts
 create mode 100644 app/lib/db.ts
 create mode 100644 app/lib/types.ts
 create mode 100644 app/lib/utils.ts
 create mode 100644 app/next-env.d.ts
 create mode 100644 app/next.config.js
 create mode 100644 app/package.json
 create mode 100644 app/postcss.config.js
 create mode 100644 app/prisma/schema.prisma
 create mode 100644 app/scripts/seed.ts
 create mode 100644 app/tailwind.config.ts
 create mode 100644 app/tsconfig.json
 create mode 120000 app/yarn.lock
###2059861de0069dcf2451a6cb8cb2d027968ab824###
