  ▲ Next.js 14.2.28
  - Environments: .env
  - Experiments (use with caution):
    · outputFileTracingRoot

   Creating an optimized production build ...
 ✓ Compiled successfully
   Skipping linting
   Checking validity of types ...
   Collecting page data ...
   Generating static pages (0/11) ...
   Generating static pages (2/11) 
   Generating static pages (5/11) 
   Generating static pages (8/11) 
 ✓ Generating static pages (11/11)
   Finalizing page optimization ...
   Collecting build traces ...

Route (app)                              Size     First Load JS
┌ ƒ /                                    139 B          87.6 kB
├ ○ /_not-found                          877 B          88.3 kB
├ ƒ /api/auth/[...nextauth]              0 B                0 B
├ ƒ /api/employees                       0 B                0 B
├ ƒ /api/employees/[id]                  0 B                0 B
├ ƒ /api/finance/analytics               0 B                0 B
├ ƒ /api/finance/daily-report            0 B                0 B
├ ƒ /api/finance/employee-performance    0 B                0 B
├ ƒ /api/finance/expenses                0 B                0 B
├ ƒ /api/finance/expenses/[id]/approve   0 B                0 B
├ ƒ /api/finance/receipts                0 B                0 B
├ ƒ /api/leave-requests                  0 B                0 B
├ ƒ /api/leave-requests/[id]             0 B                0 B
├ ƒ /api/signup                          0 B                0 B
├ ƒ /auth/signin                         6.95 kB         113 kB
├ ƒ /dashboard                           2.44 kB         150 kB
├ ƒ /employees                           5.57 kB         166 kB
├ ƒ /finance                             18.5 kB         280 kB
├ ƒ /finance/receipts                    6.51 kB         158 kB
├ ƒ /finance/reports                     701 B           260 kB
└ ƒ /leave-requests                      6.2 kB          167 kB
+ First Load JS shared by all            87.5 kB
  ├ chunks/156-5d1a72578d88ea34.js       31.8 kB
  ├ chunks/ceb5afef-60dab82b055f32e0.js  53.6 kB
  └ other shared chunks (total)          2.01 kB


○  (Static)   prerendered as static content
ƒ  (Dynamic)  server-rendered on demand

exit_code=0
