  ▲ Next.js 14.2.28
  - Local:        http://localhost:3000
  - Environments: .env
  - Experiments (use with caution):
    · outputFileTracingRoot

 ✓ Starting...
Attention: Next.js now collects completely anonymous telemetry regarding usage.
This information is used to shape Next.js' roadmap and prioritize features.
You can learn more, including how to opt-out if you'd not like to participate in this anonymous program, by visiting the following URL:
https://nextjs.org/telemetry

 ✓ Ready in 1281ms
 ○ Compiling / ...
 ✓ Compiled / in 3s (796 modules)
 GET / 307 in 3375ms
 ✓ Compiled in 466ms (282 modules)
 ✓ Compiled in 345ms (777 modules)
 ✓ Compiled /api/auth/[...nextauth] in 141ms (513 modules)
 GET /api/auth/providers 200 in 559ms
 GET / 307 in 77ms
 ✓ Compiled /auth/signin in 477ms (838 modules)
 GET /auth/signin 200 in 609ms
 GET /api/auth/session 200 in 47ms
 GET /api/auth/session 200 in 23ms
 GET /api/auth/csrf 200 in 36ms
 ✓ Compiled /api/signup in 269ms (568 modules)
 POST /api/signup 201 in 713ms
 GET / 307 in 66ms
 GET /auth/signin 200 in 59ms
 GET /api/auth/csrf 200 in 37ms
 POST /api/auth/callback/credentials 302 in 299ms
 ○ Compiling /dashboard ...
 ✓ Compiled /dashboard in 1152ms (1153 modules)
 GET /dashboard 500 in 1339ms
 GET / 307 in 45ms
 GET /dashboard 500 in 38ms
 ✓ Compiled in 510ms (1165 modules)
[?25h
