  ▲ Next.js 14.2.28
  - Local:        http://localhost:3000
  - Environments: .env
  - Experiments (use with caution):
    · outputFileTracingRoot

 ✓ Starting...
 ✓ Ready in 1898ms
 ○ Compiling / ...
 ✓ Compiled / in 2.7s (796 modules)
 GET / 307 in 3205ms
 ✓ Compiled in 463ms (282 modules)
 ○ Compiling /auth/signin ...
 ✓ Compiled /auth/signin in 1650ms (832 modules)
 GET /auth/signin 200 in 1776ms
 GET / 307 in 51ms
 GET /auth/signin 200 in 32ms
 ✓ Compiled /api/auth/[...nextauth] in 178ms (542 modules)
 GET /api/auth/session 200 in 570ms
 GET /api/auth/session 200 in 36ms
 GET / 307 in 69ms
 GET /auth/signin 200 in 41ms
 GET / 307 in 38ms
 GET /auth/signin 200 in 33ms
 GET / 307 in 38ms
 GET /auth/signin 200 in 36ms
 GET /api/auth/session 200 in 32ms
 GET /api/auth/session 200 in 20ms
 GET / 307 in 41ms
 GET /auth/signin 200 in 32ms
 GET / 307 in 36ms
 GET /auth/signin 200 in 35ms
 GET / 307 in 42ms
 GET /auth/signin 200 in 42ms
 GET / 307 in 46ms
 GET /auth/signin 200 in 34ms
 GET / 307 in 37ms
 GET /auth/signin 200 in 33ms
 GET / 307 in 39ms
 GET /auth/signin 200 in 41ms
 GET / 307 in 39ms
 GET /auth/signin 200 in 34ms
 GET / 307 in 34ms
 GET /auth/signin 200 in 31ms
 GET / 307 in 39ms
 GET /auth/signin 200 in 36ms
 GET / 307 in 36ms
 GET /auth/signin 200 in 37ms
 GET / 307 in 39ms
 GET /auth/signin 200 in 32ms
 GET / 307 in 40ms
 GET /auth/signin 200 in 35ms
 GET / 307 in 42ms
 GET /auth/signin 200 in 39ms
 GET / 307 in 42ms
 GET /auth/signin 200 in 38ms
 GET / 307 in 42ms
 GET /auth/signin 200 in 36ms
 GET / 307 in 39ms
 GET /auth/signin 200 in 36ms
 GET / 307 in 40ms
 GET /auth/signin 200 in 31ms
 ✓ Compiled in 379ms (308 modules)
 ✓ Compiled in 216ms (308 modules)
 ✓ Compiled in 246ms (308 modules)
 ✓ Compiled in 36ms
 ✓ Compiled in 233ms (308 modules)
 ✓ Compiled in 215ms (308 modules)
 ○ Compiling / ...
 ✓ Compiled / in 1039ms (993 modules)
 GET / 200 in 1206ms
 GET / 200 in 34ms
 ✓ Compiled /api/auth/[...nextauth] in 147ms (615 modules)
 GET /api/auth/session 200 in 244ms
 GET /api/auth/session 200 in 21ms
 GET / 200 in 75ms
 GET / 200 in 38ms
 GET / 200 in 35ms
 GET / 200 in 32ms
 GET / 200 in 33ms
 GET / 200 in 37ms
 ✓ Compiled in 746ms (372 modules)
[?25h
