  ▲ Next.js 14.2.28
  - Local:        http://localhost:3000
  - Environments: .env
  - Experiments (use with caution):
    · outputFileTracingRoot

 ✓ Starting...
 ✓ Ready in 1883ms
 ○ Compiling / ...
 ✓ Compiled / in 3.1s (796 modules)
 GET / 307 in 3334ms
 ✓ Compiled in 478ms (282 modules)
 ✓ Compiled /api/auth/[...nextauth] in 206ms (513 modules)
 GET /api/auth/providers 200 in 645ms
 GET / 307 in 71ms
 ○ Compiling /auth/signin ...
 ✓ Compiled /auth/signin in 514ms (838 modules)
 GET /auth/signin 200 in 634ms
 GET /api/auth/session 200 in 45ms
 GET /api/auth/session 200 in 20ms
 GET /api/auth/csrf 200 in 36ms
 ✓ Compiled /api/signup in 206ms (568 modules)
 POST /api/signup 201 in 648ms
 GET / 307 in 66ms
 GET /auth/signin 200 in 41ms
 GET /api/auth/csrf 200 in 37ms
 POST /api/auth/callback/credentials 302 in 292ms
 ○ Compiling /dashboard ...
 ✓ Compiled /dashboard in 931ms (1154 modules)
 GET /dashboard 500 in 1096ms
 GET / 307 in 41ms
 GET /dashboard 500 in 42ms
 ✓ Compiled in 651ms (1163 modules)
 ✓ Compiled in 242ms (450 modules)
[?25h
