  ▲ Next.js 14.2.28
  - Environments: .env
  - Experiments (use with caution):
    · outputFileTracingRoot

   Creating an optimized production build ...
 ✓ Compiled successfully
   Skipping linting
   Checking validity of types ...
   Collecting page data ...
   Generating static pages (0/8) ...
   Generating static pages (2/8) 
   Generating static pages (4/8) 
   Generating static pages (6/8) 
 ✓ Generating static pages (8/8)
   Finalizing page optimization ...
   Collecting build traces ...

Route (app)                              Size     First Load JS
┌ ƒ /                                    138 B          87.4 kB
├ ○ /_not-found                          872 B          88.1 kB
├ ƒ /api/auth/[...nextauth]              0 B                0 B
├ ƒ /api/employees                       0 B                0 B
├ ƒ /api/employees/[id]                  0 B                0 B
├ ƒ /api/leave-requests                  0 B                0 B
├ ƒ /api/leave-requests/[id]             0 B                0 B
├ ƒ /api/signup                          0 B                0 B
├ ƒ /auth/signin                         6.92 kB         112 kB
├ ƒ /dashboard                           2.26 kB         148 kB
├ ƒ /employees                           5.51 kB         164 kB
└ ƒ /leave-requests                      6.13 kB         165 kB
+ First Load JS shared by all            87.2 kB
  ├ chunks/156-19c70f6b87101c8e.js       31.7 kB
  ├ chunks/ceb5afef-a88ae4c1d1f36d80.js  53.6 kB
  └ other shared chunks (total)          1.96 kB


○  (Static)   prerendered as static content
ƒ  (Dynamic)  server-rendered on demand

exit_code=0
